Arguments: 
  C:\Program Files\nodejs\node.exe C:\Users\PC\AppData\Roaming\npm\node_modules\yarn\bin\yarn.js install

PATH: 
  C:\Windows\system32;C:\Windows;C:\Windows\System32\Wbem;C:\Windows\System32\WindowsPowerShell\v1.0\;C:\Program Files\PuTTY\;C:\Program Files\Git\cmd;C:\ProgramData\ComposerSetup\bin;C:\Program Files (x86)\Intel\OpenCL SDK\2.0\bin\x86;C:\Program Files (x86)\Intel\OpenCL SDK\2.0\bin\x64;C:\Program Files\Amazon\AWSCLI\;C:\Program Files\nodejs\;C:\Program Files\CMake\bin;C:\Users\PC\Anaconda3;C:\Users\PC\Anaconda3\Library\mingw-w64\bin;C:\Users\PC\Anaconda3\Library\usr\bin;C:\Users\PC\Anaconda3\Library\bin;C:\Users\PC\Anaconda3\Scripts;C:\Users\PC\AppData\Local\atom\bin;C:\Users\PC\AppData\Local\GitHubDesktop\bin;C:\xampp7.1\php;C:\Python27;C:\Python27\Scripts;C:\Users\PC\AppData\Roaming\Composer\vendor\bin;C:\xampp7.1\mysql\bin;C:\Users\PC\AppData\Roaming\Python\Scripts;C:\OpenSSL-Win32\bin;C:\Program Files\MongoDB\Server\3.4\bin;E:\Dinesh\Github\welgo-api-arkenea;C:\Users\PC\AppData\Local\Programs\Microsoft VS Code\bin;C:\Program Files\Salesforce CLI\bin;C:\Program Files\Java\java-1.8\bin;C:\ruby\ruby-2.6.3\bin;C:\ruby\rubyinstaller-2.6.3-1-x64\bin;C:\Users\PC\AppData\Roaming\npm;C:\ProgramData\Anaconda3\Scripts;C:\ProgramData\Anaconda3;C:\Program Files\7-Zip;C:\Program Files\cmake-3.15.3;C:\Program Files (x86)\MSBuild\14.0\Bin

Yarn version: 
  1.7.0

Node version: 
  12.6.0

Platform: 
  win32 x64

Trace: 
  Error: EPERM: operation not permitted, mkdir 'E:\Dinesh\Github\Kethan\frontend\node_modules\rxjs\observable\dom'

npm manifest: 
  {
    "name": "material-dashboard-angular",
    "version": "2.3.0",
    "license": "MIT",
    "scripts": {
      "ng": "ng",
      "start": "ng serve",
      "build": "ng build",
      "test": "ng test",
      "lint": "ng lint",
      "e2e": "ng e2e",
      "install:clean": "rm -rf node_modules/ && rm -rf package-lock.json && npm install && ng serve -o"
    },
    "dependencies": {
      "@agm/core": "1.0.0-beta.6",
      "@angular/animations": "8.0.0",
      "@angular/cdk": "8.0.1",
      "@angular/common": "8.0.0",
      "@angular/compiler": "8.0.0",
      "@angular/core": "8.0.0",
      "@angular/forms": "8.0.0",
      "@angular/http": "7.2.15",
      "@angular/material": "8.0.1",
      "@angular/platform-browser": "8.0.0",
      "@angular/platform-browser-dynamic": "8.0.0",
      "@angular/platform-server": "8.0.0",
      "@angular/router": "8.0.0",
      "ajv": "6.10.0",
      "arrive": "2.4.1",
      "bootstrap": "4.3.1",
      "bootstrap-material-design": "4.1.2",
      "bootstrap-notify": "3.1.3",
      "chartist": "0.11.2",
      "classlist.js": "1.1.20150312",
      "core-js": "3.1.3",
      "express": "4.17.1",
      "hammerjs": "2.0.8",
      "jquery": "3.4.1",
      "moment": "2.24.0",
      "perfect-scrollbar": "1.1.0",
      "popper.js": "1.15.0",
      "rxjs": "6.5.2",
      "rxjs-compat": "6.5.2",
      "web-animations-js": "2.3.1",
      "zone.js": "0.9.1"
    },
    "devDependencies": {
      "@angular-devkit/build-angular": "0.800.2",
      "@angular/cli": "8.0.2",
      "@angular/compiler-cli": "8.0.0",
      "@angular/language-service": "8.0.0",
      "@types/bootstrap": "4.3.0",
      "@types/chartist": "0.9.46",
      "@types/googlemaps": "3.36.4",
      "@types/jasmine": "3.3.13",
      "@types/jquery": "3.3.29",
      "@types/node": "12.0.7",
      "codelyzer": "5.1.0",
      "jasmine-core": "3.4.0",
      "jasmine-spec-reporter": "4.2.1",
      "karma": "4.1.0",
      "karma-chrome-launcher": "2.2.0",
      "karma-cli": "2.0.0",
      "karma-coverage-istanbul-reporter": "2.0.5",
      "karma-jasmine": "2.0.1",
      "karma-jasmine-html-reporter": "1.4.2",
      "protractor": "5.4.2",
      "ts-node": "8.2.0",
      "tslint": "5.17.0",
      "typescript": "3.4.5"
    }
  }

yarn manifest: 
  No manifest

Lockfile: 
  No lockfile
